Microsoft (R) Macro Assembler Version 14.36.32535.0	    04/05/25 12:47:31
Source.acm						     Page 1 - 1


				.586 
				.MODEL flat,C
 00000000			.DATA
 00000000 00000000		SUM DD 0.0
 00000004 00000000		i_local DD 0
 00000000			.CODE
				extern fun_el:near ; объявление внешней функции fun_el
				public SumR
 00000000			SumR proc C
 00000000  55				push ebp
 00000001  8B EC			mov ebp,esp
 00000003  C7 05 00000004 R		mov i_local,1
	   00000001
 0000000D  8B 4D 08			mov ecx, dword ptr [ebp+8]
 00000010				@@for_i: ; начало цикла
 00000010  51					push ecx
 00000011  FF 75 0C				push dword ptr [ebp + 12]
 00000014  FF 35 00000004 R			push i_local
 0000001A  E8 00000000 E			call fun_el
 0000001F  D9 05 00000000 R			fld SUM
 00000025  83 C4 08				add esp,8
 00000028  DE C1				fadd
 0000002A  59					pop ecx
 0000002B  FF 05 00000004 R			inc i_local
 00000031  D9 1D 00000000 R			fstp SUM
 00000037  E2 D7				loop @@for_i ; конец цикла
 00000039  D9 05 00000000 R		fld SUM
 0000003F  8B E5			mov esp,ebp
 00000041  5D				pop ebp
 00000042  C3				ret
 00000043				SumR endp
				End









Microsoft (R) Macro Assembler Version 14.36.32535.0	    04/05/25 12:47:31
Source.acm						     Symbols 2 - 1




Segments and Groups:

                N a m e                 Size     Length   Align   Combine Class

FLAT . . . . . . . . . . . . . .	GROUP
_DATA  . . . . . . . . . . . . .	32 Bit	 00000008 Para	  Public  'DATA'	
_TEXT  . . . . . . . . . . . . .	32 Bit	 00000043 Para	  Public  'CODE'	


Procedures, parameters, and locals:

                N a m e                 Type     Value    Attr

SumR . . . . . . . . . . . . . .	P Near	 00000000 _TEXT	Length= 00000043 Public C
  @@for_i  . . . . . . . . . . .	L Near	 00000010 _TEXT	


Symbols:

                N a m e                 Type     Value    Attr

@CodeSize  . . . . . . . . . . .	Number	 00000000h   
@DataSize  . . . . . . . . . . .	Number	 00000000h   
@Interface . . . . . . . . . . .	Number	 00000001h   
@Model . . . . . . . . . . . . .	Number	 00000007h   
@code  . . . . . . . . . . . . .	Text   	 _TEXT
@data  . . . . . . . . . . . . .	Text   	 FLAT
@fardata?  . . . . . . . . . . .	Text   	 FLAT
@fardata . . . . . . . . . . . .	Text   	 FLAT
@stack . . . . . . . . . . . . .	Text   	 FLAT
SUM  . . . . . . . . . . . . . .	DWord	 00000000 _DATA	
fun_el . . . . . . . . . . . . .	L Near	 00000000 FLAT	External C
i_local  . . . . . . . . . . . .	DWord	 00000004 _DATA	

	   0 Warnings
	   0 Errors
